

Processing SiteController#index (for 127.0.0.1 at 2009-09-24 20:29:38) [GET]

ActionController::UnknownAction (No action responded to index. Actions: ):
  -e:2:in `load'
  -e:2

Rendering rescues/layout (not_found)


Processing SiteController#index (for 127.0.0.1 at 2009-09-24 20:36:26) [GET]
Rendering template within layouts/application
Rendering site/index

ActionView::TemplateError (undefined local variable or method `new_contact_path' for #<ActionView::Base:0x47d6ab4>) on line #9 of app/views/layouts/application.html.erb:
6:     	<%=stylesheet_link_tag 'style'%>
7: 		<%=javascript_include_tag :defaults %>
8: 				
9:         <title>National Signs and Designs - <%=page_title%></title>
10:     </head>
11:     <body>
12: 		<%=yield%>

    app/helpers/application_helper.rb:26:in `menu_items'
    app/helpers/application_helper.rb:4:in `page_title'
    app/views/layouts/application.html.erb:9
    -e:2:in `load'
    -e:2

Rendered rescues/_trace (328.0ms)
Rendered rescues/_request_and_response (0.0ms)
Rendering rescues/layout (internal_server_error)


Processing SiteController#index (for 127.0.0.1 at 2009-09-24 20:37:08) [GET]
Rendering template within layouts/application
Rendering site/index
Completed in 16ms (View: 16, DB: 0) | 200 OK [http://localhost/]


Processing ApplicationController#index (for 127.0.0.1 at 2009-09-24 20:37:08) [GET]

ActionController::RoutingError (No route matches "/stylesheets/style.css" with {:method=>:get}):
  -e:2:in `load'
  -e:2

Rendering rescues/layout (not_found)


Processing SiteController#index (for 127.0.0.1 at 2009-09-24 20:42:26) [GET]
Rendering template within layouts/application
Rendering site/index
Completed in 16ms (View: 16, DB: 0) | 200 OK [http://localhost/]


Processing SiteController#index (for 127.0.0.1 at 2009-09-24 20:51:56) [GET]
Rendering template within layouts/application
Rendering site/index
Completed in 0ms (View: 0, DB: 0) | 200 OK [http://localhost/]


Processing SiteController#index (for 127.0.0.1 at 2009-09-24 22:25:50) [GET]
Rendering template within layouts/application
Rendering site/index
Completed in 16ms (View: 16, DB: 0) | 200 OK [http://localhost/]


Processing SiteController#index (for 127.0.0.1 at 2009-09-24 22:27:13) [GET]
Rendering template within layouts/application
Rendering site/index
Completed in 15ms (View: 15, DB: 0) | 200 OK [http://localhost/]


Processing SiteController#index (for 127.0.0.1 at 2009-09-24 22:27:14) [GET]
Rendering template within layouts/application
Rendering site/index
Completed in 15ms (View: 15, DB: 0) | 200 OK [http://localhost/]


Processing SiteController#index (for 127.0.0.1 at 2009-09-24 22:27:28) [GET]
Rendering template within layouts/application
Rendering site/index
Completed in 31ms (View: 31, DB: 0) | 200 OK [http://localhost/]


Processing SiteController#index (for 127.0.0.1 at 2009-09-24 22:27:53) [GET]
Rendering template within layouts/application
Rendering site/index
Completed in 16ms (View: 0, DB: 0) | 200 OK [http://localhost/]


Processing SiteController#index (for 127.0.0.1 at 2009-09-24 22:45:25) [GET]
Rendering template within layouts/application
Rendering site/index
Completed in 16ms (View: 16, DB: 0) | 200 OK [http://localhost/]


Processing SiteController#index (for 127.0.0.1 at 2009-09-24 22:47:09) [GET]
Rendering template within layouts/application
Rendering site/index
Completed in 15ms (View: 15, DB: 0) | 200 OK [http://localhost/]


Processing ApplicationController#index (for 127.0.0.1 at 2009-09-24 22:47:10) [GET]

ActionController::RoutingError (No route matches "/stylesheets/images/top_gradient.png" with {:method=>:get}):
  -e:2:in `load'
  -e:2

Rendering rescues/layout (not_found)


Processing SiteController#index (for 127.0.0.1 at 2009-09-24 22:47:11) [GET]
Rendering template within layouts/application
Rendering site/index
Completed in 15ms (View: 15, DB: 0) | 200 OK [http://localhost/]


Processing ApplicationController#index (for 127.0.0.1 at 2009-09-24 22:47:11) [GET]

ActionController::RoutingError (No route matches "/stylesheets/images/top_gradient.png" with {:method=>:get}):
  -e:2:in `load'
  -e:2

Rendering rescues/layout (not_found)


Processing SiteController#index (for 127.0.0.1 at 2009-09-24 22:47:26) [GET]
Rendering template within layouts/application
Rendering site/index
Completed in 15ms (View: 0, DB: 0) | 200 OK [http://localhost/]


Processing SiteController#index (for 127.0.0.1 at 2009-09-24 22:47:43) [GET]
Rendering template within layouts/application
Rendering site/index
Completed in 16ms (View: 16, DB: 0) | 200 OK [http://localhost/]


Processing SiteController#index (for 127.0.0.1 at 2009-09-24 22:48:08) [GET]
Rendering template within layouts/application
Rendering site/index
Completed in 16ms (View: 16, DB: 0) | 200 OK [http://localhost/]


Processing SiteController#index (for 127.0.0.1 at 2009-09-24 22:48:39) [GET]
Rendering template within layouts/application
Rendering site/index
Completed in 15ms (View: 0, DB: 0) | 200 OK [http://localhost/]


Processing SiteController#index (for 127.0.0.1 at 2009-09-24 22:49:07) [GET]
Rendering template within layouts/application
Rendering site/index
Completed in 16ms (View: 16, DB: 0) | 200 OK [http://localhost/]


Processing SiteController#index (for 127.0.0.1 at 2009-09-24 22:49:41) [GET]
Rendering template within layouts/application
Rendering site/index
Completed in 15ms (View: 0, DB: 0) | 200 OK [http://localhost/]


Processing SiteController#index (for 127.0.0.1 at 2009-09-24 22:50:42) [GET]
Rendering template within layouts/application
Rendering site/index
Completed in 0ms (View: 0, DB: 0) | 200 OK [http://localhost/]


Processing SiteController#index (for 127.0.0.1 at 2009-09-24 22:59:04) [GET]
Rendering template within layouts/application
Rendering site/index
Completed in 16ms (View: 0, DB: 0) | 200 OK [http://localhost/]


Processing SiteController#index (for 127.0.0.1 at 2009-09-24 22:59:12) [GET]
Rendering template within layouts/application
Rendering site/index
Completed in 15ms (View: 0, DB: 0) | 200 OK [http://localhost/]


Processing SiteController#index (for 127.0.0.1 at 2009-09-24 22:59:20) [GET]
Rendering template within layouts/application
Rendering site/index
Completed in 16ms (View: 16, DB: 0) | 200 OK [http://localhost/]


Processing SiteController#index (for 127.0.0.1 at 2009-09-24 23:01:21) [GET]
Rendering template within layouts/application
Rendering site/index
Completed in 16ms (View: 0, DB: 0) | 200 OK [http://localhost/]


Processing SiteController#index (for 127.0.0.1 at 2009-09-24 23:01:23) [GET]
Rendering template within layouts/application
Rendering site/index
Completed in 15ms (View: 15, DB: 0) | 200 OK [http://localhost/]


Processing SiteController#index (for 127.0.0.1 at 2009-09-24 23:02:10) [GET]
Rendering template within layouts/application
Rendering site/index
Completed in 16ms (View: 16, DB: 0) | 200 OK [http://localhost/]


Processing SiteController#index (for 127.0.0.1 at 2009-09-24 23:02:45) [GET]
Rendering template within layouts/application
Rendering site/index
Completed in 31ms (View: 16, DB: 0) | 200 OK [http://localhost/]


Processing SiteController#index (for 127.0.0.1 at 2009-09-24 23:03:49) [GET]
Rendering template within layouts/application
Rendering site/index
Completed in 16ms (View: 0, DB: 0) | 200 OK [http://localhost/]


Processing SiteController#index (for 127.0.0.1 at 2009-09-24 23:04:57) [GET]
Rendering template within layouts/application
Rendering site/index
Completed in 141ms (View: 0, DB: 0) | 200 OK [http://localhost/]


Processing SiteController#index (for 127.0.0.1 at 2009-09-24 23:06:33) [GET]
Rendering template within layouts/application
Rendering site/index
Completed in 16ms (View: 16, DB: 0) | 200 OK [http://localhost/]


Processing SiteController#index (for 127.0.0.1 at 2009-09-24 23:07:56) [GET]
Rendering template within layouts/application
Rendering site/index
Completed in 32ms (View: 32, DB: 0) | 200 OK [http://localhost/]


Processing SiteController#index (for 127.0.0.1 at 2009-09-24 23:10:14) [GET]
Rendering template within layouts/application
Rendering site/index
Completed in 15ms (View: 15, DB: 0) | 200 OK [http://localhost/]


Processing SiteController#index (for 127.0.0.1 at 2009-09-24 23:12:48) [GET]
Rendering template within layouts/application
Rendering site/index
Completed in 15ms (View: 15, DB: 0) | 200 OK [http://localhost/]


Processing SiteController#index (for 127.0.0.1 at 2009-09-24 23:19:17) [GET]
Rendering template within layouts/application
Rendering site/index
Completed in 16ms (View: 16, DB: 0) | 200 OK [http://localhost/]


Processing SiteController#index (for 127.0.0.1 at 2009-09-24 23:19:55) [GET]
Rendering template within layouts/application
Rendering site/index
Completed in 15ms (View: 0, DB: 0) | 200 OK [http://localhost/]


Processing SiteController#index (for 127.0.0.1 at 2009-09-24 23:20:14) [GET]
Rendering template within layouts/application
Rendering site/index
Completed in 16ms (View: 16, DB: 0) | 200 OK [http://localhost/]


Processing SiteController#index (for 127.0.0.1 at 2009-09-24 23:20:24) [GET]
Rendering template within layouts/application
Rendering site/index
Completed in 16ms (View: 16, DB: 0) | 200 OK [http://localhost/]


Processing SiteController#index (for 127.0.0.1 at 2009-09-24 23:22:29) [GET]
Rendering template within layouts/application
Rendering site/index
Completed in 16ms (View: 0, DB: 0) | 200 OK [http://localhost/]


Processing SiteController#index (for 127.0.0.1 at 2009-09-24 23:22:30) [GET]
Rendering template within layouts/application
Rendering site/index
Completed in 16ms (View: 16, DB: 0) | 200 OK [http://localhost/]


Processing SiteController#index (for 127.0.0.1 at 2009-09-24 23:22:31) [GET]
Rendering template within layouts/application
Rendering site/index
Completed in 0ms (View: 0, DB: 0) | 200 OK [http://localhost/]


Processing SiteController#index (for 127.0.0.1 at 2009-09-24 23:22:34) [GET]
Rendering template within layouts/application
Rendering site/index
Completed in 16ms (View: 16, DB: 0) | 200 OK [http://localhost/]


Processing SiteController#index (for 127.0.0.1 at 2009-09-24 23:22:54) [GET]
Rendering template within layouts/application
Rendering site/index
Completed in 16ms (View: 16, DB: 0) | 200 OK [http://localhost/]


Processing SiteController#index (for 127.0.0.1 at 2009-09-24 23:22:55) [GET]
Rendering template within layouts/application
Rendering site/index
Completed in 0ms (View: 0, DB: 0) | 200 OK [http://localhost/]


Processing SiteController#index (for 127.0.0.1 at 2009-09-24 23:22:55) [GET]
Rendering template within layouts/application
Rendering site/index
Completed in 16ms (View: 16, DB: 0) | 200 OK [http://localhost/]


Processing SiteController#index (for 127.0.0.1 at 2009-09-24 23:33:31) [GET]
Rendering template within layouts/application
Rendering site/index
Completed in 141ms (View: 125, DB: 0) | 200 OK [http://localhost/]


Processing SiteController#index (for 127.0.0.1 at 2009-09-24 23:33:40) [GET]
Rendering template within layouts/application
Rendering site/index
Completed in 15ms (View: 15, DB: 0) | 200 OK [http://localhost/]


Processing SiteController#index (for 127.0.0.1 at 2009-09-24 23:33:41) [GET]
Rendering template within layouts/application
Rendering site/index
Completed in 16ms (View: 16, DB: 0) | 200 OK [http://localhost/]


Processing SiteController#index (for 127.0.0.1 at 2009-09-24 23:34:36) [GET]
Rendering template within layouts/application
Rendering site/index
Completed in 16ms (View: 0, DB: 0) | 200 OK [http://localhost/]


Processing SiteController#index (for 127.0.0.1 at 2009-09-24 23:35:51) [GET]
Rendering template within layouts/application
Rendering site/index
Completed in 31ms (View: 31, DB: 0) | 200 OK [http://localhost/]


Processing SiteController#index (for 127.0.0.1 at 2009-09-24 23:38:03) [GET]
Rendering template within layouts/application
Rendering site/index
Completed in 16ms (View: 0, DB: 0) | 200 OK [http://localhost/]


Processing SiteController#index (for 127.0.0.1 at 2009-09-24 23:38:46) [GET]
Rendering template within layouts/application
Rendering site/index
Completed in 15ms (View: 15, DB: 0) | 200 OK [http://localhost/]


Processing SiteController#index (for 127.0.0.1 at 2009-09-24 23:39:09) [GET]
Rendering template within layouts/application
Rendering site/index
Completed in 16ms (View: 0, DB: 0) | 200 OK [http://localhost/]


Processing SiteController#index (for 127.0.0.1 at 2009-09-24 23:40:33) [GET]
Rendering template within layouts/application
Rendering site/index
Completed in 15ms (View: 15, DB: 0) | 200 OK [http://localhost/]


Processing SiteController#index (for 127.0.0.1 at 2009-09-24 23:41:01) [GET]
Rendering template within layouts/application
Rendering site/index
Completed in 15ms (View: 0, DB: 0) | 200 OK [http://localhost/]


Processing SiteController#index (for 127.0.0.1 at 2009-09-24 23:41:34) [GET]
Rendering template within layouts/application
Rendering site/index
Completed in 16ms (View: 16, DB: 0) | 200 OK [http://localhost/]


Processing SiteController#index (for 127.0.0.1 at 2009-09-24 23:41:49) [GET]
Rendering template within layouts/application
Rendering site/index
Completed in 16ms (View: 16, DB: 0) | 200 OK [http://localhost/]


Processing SiteController#index (for 127.0.0.1 at 2009-09-24 23:44:12) [GET]
Rendering template within layouts/application
Rendering site/index
Completed in 31ms (View: 31, DB: 0) | 200 OK [http://localhost/]


Processing SiteController#index (for 127.0.0.1 at 2009-09-24 23:44:48) [GET]
Rendering template within layouts/application
Rendering site/index
Completed in 16ms (View: 16, DB: 0) | 200 OK [http://localhost/]


Processing SiteController#index (for 127.0.0.1 at 2009-09-24 23:44:56) [GET]
Rendering template within layouts/application
Rendering site/index
Completed in 15ms (View: 15, DB: 0) | 200 OK [http://localhost/]


Processing SiteController#index (for 127.0.0.1 at 2009-09-24 23:45:06) [GET]
Rendering template within layouts/application
Rendering site/index
Completed in 16ms (View: 16, DB: 0) | 200 OK [http://localhost/]


Processing SiteController#index (for 127.0.0.1 at 2009-09-24 23:45:12) [GET]
Rendering template within layouts/application
Rendering site/index
Completed in 16ms (View: 0, DB: 0) | 200 OK [http://localhost/]


Processing SiteController#index (for 127.0.0.1 at 2009-09-24 23:45:19) [GET]
Rendering template within layouts/application
Rendering site/index
Completed in 15ms (View: 15, DB: 0) | 200 OK [http://localhost/]


Processing SiteController#index (for 127.0.0.1 at 2009-09-24 23:45:24) [GET]
Rendering template within layouts/application
Rendering site/index
Completed in 16ms (View: 0, DB: 0) | 200 OK [http://localhost/]


Processing SiteController#index (for 127.0.0.1 at 2009-09-24 23:45:32) [GET]
Rendering template within layouts/application
Rendering site/index
Completed in 15ms (View: 15, DB: 0) | 200 OK [http://localhost/]


Processing SiteController#index (for 127.0.0.1 at 2009-09-24 23:45:33) [GET]
Rendering template within layouts/application
Rendering site/index
Completed in 16ms (View: 16, DB: 0) | 200 OK [http://localhost/]


Processing SiteController#index (for 127.0.0.1 at 2009-09-24 23:46:41) [GET]
Rendering template within layouts/application
Rendering site/index
Completed in 16ms (View: 16, DB: 0) | 200 OK [http://localhost/]


Processing SiteController#index (for 127.0.0.1 at 2009-09-24 23:46:43) [GET]
Rendering template within layouts/application
Rendering site/index
Completed in 16ms (View: 0, DB: 0) | 200 OK [http://localhost/]


Processing SiteController#index (for 127.0.0.1 at 2009-09-24 23:47:08) [GET]
Rendering template within layouts/application
Rendering site/index
Completed in 15ms (View: 15, DB: 0) | 200 OK [http://localhost/]


Processing SiteController#index (for 127.0.0.1 at 2009-09-24 23:52:14) [GET]
Rendering template within layouts/application
Rendering site/index
Completed in 31ms (View: 31, DB: 0) | 200 OK [http://localhost/]


Processing SiteController#index (for 127.0.0.1 at 2009-09-24 23:53:09) [GET]
Rendering template within layouts/application
Rendering site/index
Completed in 31ms (View: 31, DB: 0) | 200 OK [http://localhost/]


Processing SiteController#index (for 127.0.0.1 at 2009-09-24 23:53:40) [GET]
Rendering template within layouts/application
Rendering site/index
Completed in 16ms (View: 0, DB: 0) | 200 OK [http://localhost/]


Processing SiteController#index (for 127.0.0.1 at 2009-09-24 23:54:19) [GET]
Rendering template within layouts/application
Rendering site/index
Completed in 15ms (View: 15, DB: 0) | 200 OK [http://localhost/]


Processing SiteController#index (for 127.0.0.1 at 2009-09-24 23:54:50) [GET]
Rendering template within layouts/application
Rendering site/index
Completed in 15ms (View: 15, DB: 0) | 200 OK [http://localhost/]


Processing SiteController#index (for 127.0.0.1 at 2009-09-24 23:55:25) [GET]
Rendering template within layouts/application
Rendering site/index
Completed in 16ms (View: 16, DB: 0) | 200 OK [http://localhost/]


Processing SiteController#index (for 127.0.0.1 at 2009-09-24 23:56:11) [GET]
Rendering template within layouts/application
Rendering site/index
Completed in 31ms (View: 31, DB: 0) | 200 OK [http://localhost/]


Processing SiteController#index (for 127.0.0.1 at 2009-09-24 23:56:35) [GET]
Rendering template within layouts/application
Rendering site/index
Completed in 15ms (View: 15, DB: 0) | 200 OK [http://localhost/]


Processing SiteController#index (for 127.0.0.1 at 2009-09-24 23:56:53) [GET]
Rendering template within layouts/application
Rendering site/index
Completed in 15ms (View: 0, DB: 0) | 200 OK [http://localhost/]


Processing SiteController#index (for 127.0.0.1 at 2009-09-24 23:57:03) [GET]
Rendering template within layouts/application
Rendering site/index
Completed in 16ms (View: 16, DB: 0) | 200 OK [http://localhost/]


Processing SiteController#index (for 127.0.0.1 at 2009-09-24 23:57:12) [GET]
Rendering template within layouts/application
Rendering site/index
Completed in 16ms (View: 0, DB: 0) | 200 OK [http://localhost/]


Processing SiteController#index (for 127.0.0.1 at 2009-09-24 23:58:49) [GET]
Rendering template within layouts/application
Rendering site/index
Completed in 32ms (View: 32, DB: 0) | 200 OK [http://localhost/]


Processing SiteController#index (for 127.0.0.1 at 2009-09-24 23:59:08) [GET]
Rendering template within layouts/application
Rendering site/index
Completed in 31ms (View: 31, DB: 0) | 200 OK [http://localhost/]


Processing SiteController#index (for 127.0.0.1 at 2009-09-24 23:59:15) [GET]
Rendering template within layouts/application
Rendering site/index
Completed in 16ms (View: 16, DB: 0) | 200 OK [http://localhost/]


Processing SiteController#index (for 127.0.0.1 at 2009-09-24 23:59:49) [GET]
Rendering template within layouts/application
Rendering site/index
Completed in 156ms (View: 16, DB: 0) | 200 OK [http://localhost/]


Processing SiteController#index (for 127.0.0.1 at 2009-09-25 00:00:44) [GET]
Rendering template within layouts/application
Rendering site/index
Completed in 16ms (View: 16, DB: 0) | 200 OK [http://localhost/]


Processing SiteController#index (for 127.0.0.1 at 2009-09-25 00:01:34) [GET]
Rendering template within layouts/application
Rendering site/index
Completed in 31ms (View: 16, DB: 0) | 200 OK [http://localhost/]


Processing SiteController#index (for 127.0.0.1 at 2009-09-25 00:01:36) [GET]
Rendering template within layouts/application
Rendering site/index
Completed in 16ms (View: 16, DB: 0) | 200 OK [http://localhost/]


Processing SiteController#index (for 127.0.0.1 at 2009-09-25 00:01:54) [GET]
Rendering template within layouts/application
Rendering site/index
Completed in 15ms (View: 15, DB: 0) | 200 OK [http://localhost/index.html]


Processing SiteController#index (for 127.0.0.1 at 2009-09-25 00:02:41) [GET]
Rendering template within layouts/application
Rendering site/index
Completed in 16ms (View: 16, DB: 0) | 200 OK [http://localhost/index.html]


Processing SiteController#index (for 127.0.0.1 at 2009-09-25 00:02:49) [GET]
Rendering template within layouts/application
Rendering site/index
Completed in 16ms (View: 16, DB: 0) | 200 OK [http://localhost/index.html]


Processing SiteController#index (for 127.0.0.1 at 2009-09-25 00:02:50) [GET]
Rendering template within layouts/application
Rendering site/index
Completed in 16ms (View: 16, DB: 0) | 200 OK [http://localhost/index.html]


Processing SiteController#index (for 127.0.0.1 at 2009-09-25 00:03:00) [GET]
Rendering template within layouts/application
Rendering site/index
Completed in 15ms (View: 0, DB: 0) | 200 OK [http://localhost/index.html]


Processing SiteController#index (for 127.0.0.1 at 2009-09-25 00:03:08) [GET]
Rendering template within layouts/application
Rendering site/index
Completed in 31ms (View: 31, DB: 0) | 200 OK [http://localhost/index.html]


Processing SiteController#index (for 127.0.0.1 at 2009-09-25 00:03:11) [GET]
Rendering template within layouts/application
Rendering site/index
Completed in 15ms (View: 15, DB: 0) | 200 OK [http://localhost/]


Processing SiteController#index (for 127.0.0.1 at 2009-09-25 00:03:34) [GET]
Rendering template within layouts/application
Rendering site/index
Completed in 16ms (View: 16, DB: 0) | 200 OK [http://localhost/]


Processing SiteController#index (for 127.0.0.1 at 2009-09-25 00:04:24) [GET]
Rendering template within layouts/application
Rendering site/index
Completed in 16ms (View: 16, DB: 0) | 200 OK [http://localhost/]


Processing SiteController#index (for 127.0.0.1 at 2009-09-25 00:04:34) [GET]
Rendering template within layouts/application
Rendering site/index
Completed in 16ms (View: 16, DB: 0) | 200 OK [http://localhost/]


Processing SiteController#index (for 127.0.0.1 at 2009-09-25 00:05:07) [GET]
Rendering template within layouts/application
Rendering site/index
Completed in 16ms (View: 16, DB: 0) | 200 OK [http://localhost/]


Processing SiteController#index (for 127.0.0.1 at 2009-09-25 00:05:36) [GET]
Rendering template within layouts/application
Rendering site/index
Completed in 16ms (View: 16, DB: 0) | 200 OK [http://localhost/]


Processing SiteController#index (for 127.0.0.1 at 2009-09-25 00:06:12) [GET]
Rendering template within layouts/application
Rendering site/index
Completed in 16ms (View: 16, DB: 0) | 200 OK [http://localhost/]


Processing SiteController#index (for 127.0.0.1 at 2009-09-25 00:08:39) [GET]
Rendering template within layouts/application
Rendering site/index
Completed in 15ms (View: 15, DB: 0) | 200 OK [http://localhost/]


Processing SiteController#index (for 127.0.0.1 at 2009-09-25 00:09:17) [GET]
Rendering template within layouts/application
Rendering site/index
Completed in 32ms (View: 16, DB: 0) | 200 OK [http://localhost/]


Processing SiteController#index (for 127.0.0.1 at 2009-09-25 00:09:56) [GET]
Rendering template within layouts/application
Rendering site/index
Completed in 16ms (View: 16, DB: 0) | 200 OK [http://localhost/]


Processing SiteController#index (for 127.0.0.1 at 2009-09-25 00:10:13) [GET]
Rendering template within layouts/application
Rendering site/index
Completed in 15ms (View: 15, DB: 0) | 200 OK [http://localhost/]


Processing SiteController#index (for 127.0.0.1 at 2009-09-25 00:10:50) [GET]
Rendering template within layouts/application
Rendering site/index
Completed in 31ms (View: 31, DB: 0) | 200 OK [http://localhost/]


Processing SiteController#index (for 127.0.0.1 at 2009-09-25 00:11:47) [GET]
Rendering template within layouts/application
Rendering site/index
Completed in 16ms (View: 16, DB: 0) | 200 OK [http://localhost/]


Processing SiteController#index (for 127.0.0.1 at 2009-09-25 00:11:55) [GET]
Rendering template within layouts/application
Rendering site/index
Completed in 16ms (View: 0, DB: 0) | 200 OK [http://localhost/]


Processing SiteController#index (for 127.0.0.1 at 2009-09-25 00:12:23) [GET]
Rendering template within layouts/application
Rendering site/index
Completed in 31ms (View: 16, DB: 0) | 200 OK [http://localhost/]


Processing SiteController#index (for 127.0.0.1 at 2009-09-25 00:12:28) [GET]
Rendering template within layouts/application
Rendering site/index
Completed in 16ms (View: 16, DB: 0) | 200 OK [http://localhost/]


Processing SiteController#index (for 127.0.0.1 at 2009-09-25 00:13:25) [GET]
Rendering template within layouts/application
Rendering site/index
Completed in 31ms (View: 31, DB: 0) | 200 OK [http://localhost/]


Processing SiteController#index (for 127.0.0.1 at 2009-09-25 00:14:10) [GET]
Rendering template within layouts/application
Rendering site/index
Completed in 31ms (View: 16, DB: 0) | 200 OK [http://localhost/]


Processing SiteController#index (for 127.0.0.1 at 2009-09-25 00:14:25) [GET]
Rendering template within layouts/application
Rendering site/index
Completed in 47ms (View: 31, DB: 0) | 200 OK [http://localhost/]


Processing SiteController#index (for 127.0.0.1 at 2009-09-25 00:14:32) [GET]
Rendering template within layouts/application
Rendering site/index
Completed in 16ms (View: 0, DB: 0) | 200 OK [http://localhost/]


Processing SiteController#index (for 127.0.0.1 at 2009-09-25 00:14:41) [GET]
Rendering template within layouts/application
Rendering site/index
Completed in 31ms (View: 31, DB: 0) | 200 OK [http://localhost/]


Processing SiteController#index (for 127.0.0.1 at 2009-09-25 00:15:07) [GET]
Rendering template within layouts/application
Rendering site/index
Completed in 32ms (View: 32, DB: 0) | 200 OK [http://localhost/]


Processing SiteController#index (for 127.0.0.1 at 2009-09-25 00:15:11) [GET]
Rendering template within layouts/application
Rendering site/index
Completed in 31ms (View: 31, DB: 0) | 200 OK [http://localhost/]


Processing SiteController#index (for 127.0.0.1 at 2009-09-25 00:15:22) [GET]
Rendering template within layouts/application
Rendering site/index
Completed in 15ms (View: 0, DB: 0) | 200 OK [http://localhost/]


Processing SiteController#index (for 127.0.0.1 at 2009-09-25 00:16:28) [GET]
Rendering template within layouts/application
Rendering site/index
Completed in 16ms (View: 16, DB: 0) | 200 OK [http://localhost/]


Processing SiteController#index (for 127.0.0.1 at 2009-09-25 00:16:51) [GET]
Rendering template within layouts/application
Rendering site/index
Completed in 32ms (View: 16, DB: 0) | 200 OK [http://localhost/]


Processing SiteController#index (for 127.0.0.1 at 2009-09-25 00:16:56) [GET]
Rendering template within layouts/application
Rendering site/index
Completed in 31ms (View: 31, DB: 0) | 200 OK [http://localhost/]


Processing SiteController#index (for 127.0.0.1 at 2009-09-25 00:40:43) [GET]
Rendering template within layouts/application
Rendering site/index
Completed in 16ms (View: 16, DB: 0) | 200 OK [http://localhost/]


Processing SiteController#index (for 127.0.0.1 at 2009-09-25 00:40:52) [GET]
Rendering template within layouts/application
Rendering site/index
Completed in 16ms (View: 16, DB: 0) | 200 OK [http://localhost/]


Processing SiteController#index (for 127.0.0.1 at 2009-09-25 00:40:59) [GET]
Rendering template within layouts/application
Rendering site/index
Completed in 31ms (View: 15, DB: 0) | 200 OK [http://localhost/]


Processing SiteController#index (for 127.0.0.1 at 2009-09-25 00:41:04) [GET]
Rendering template within layouts/application
Rendering site/index
Completed in 16ms (View: 16, DB: 0) | 200 OK [http://localhost/]
